<?xml version="1.0" encoding="UTF-8"?>
<testng-results ignored="0" total="1" passed="1" failed="0" skipped="0">
  <reporter-output>
  </reporter-output>
  <suite started-at="2024-03-24T13:37:13 IST" name="Suite" finished-at="2024-03-24T13:37:43 IST" duration-ms="29921">
    <groups>
    </groups>
    <test started-at="2024-03-24T13:37:13 IST" name="Test" finished-at="2024-03-24T13:37:43 IST" duration-ms="29921">
      <class name="AllTestCases.TestCases">
        <test-method is-config="true" signature="LaunchApp()[pri:0, instance:AllTestCases.TestCases@909217e]" started-at="2024-03-24T13:37:14 IST" name="LaunchApp" finished-at="2024-03-24T13:37:35 IST" duration-ms="21707" status="PASS">
          <reporter-output>
          </reporter-output>
        </test-method> <!-- LaunchApp -->
        <test-method signature="Testcase1()[pri:0, instance:AllTestCases.TestCases@909217e]" started-at="2024-03-24T13:37:36 IST" name="Testcase1" finished-at="2024-03-24T13:37:43 IST" duration-ms="7906" status="PASS">
          <reporter-output>
          </reporter-output>
        </test-method> <!-- Testcase1 -->
      </class> <!-- AllTestCases.TestCases -->
    </test> <!-- Test -->
  </suite> <!-- Suite -->
</testng-results>
